2020-09-12 20:53:38.564  INFO 20402 --- [restartedMain] cn.xportal.sb.hibernate.Application      : Starting Application on ithink with PID 20402 (/ICESX/workSpaceI/IResearch/code/demo/spring-boot/spring-boot-hibernate/target/classes started by i in /ICESX/workSpaceI/IResearch/code/demo/spring-boot/spring-boot-hibernate)
2020-09-12 20:53:38.566  INFO 20402 --- [restartedMain] cn.xportal.sb.hibernate.Application      : No active profile set, falling back to default profiles: default
2020-09-12 20:53:38.636  INFO 20402 --- [restartedMain] ConfigServletWebServerApplicationContext : Refreshing org.springframework.boot.web.servlet.context.AnnotationConfigServletWebServerApplicationContext@257bb1e3: startup date [Sat Sep 12 20:53:38 CST 2020]; root of context hierarchy
2020-09-12 20:53:40.709  INFO 20402 --- [restartedMain] f.a.AutowiredAnnotationBeanPostProcessor : JSR-330 'javax.inject.Inject' annotation found and supported for autowiring
2020-09-12 20:53:40.883  INFO 20402 --- [restartedMain] trationDelegate$BeanPostProcessorChecker : Bean 'org.springframework.transaction.annotation.ProxyTransactionManagementConfiguration' of type [org.springframework.transaction.annotation.ProxyTransactionManagementConfiguration$$EnhancerBySpringCGLIB$$70e6f058] is not eligible for getting processed by all BeanPostProcessors (for example: not eligible for auto-proxying)
2020-09-12 20:53:41.536  INFO 20402 --- [restartedMain] o.s.b.w.embedded.tomcat.TomcatWebServer  : Tomcat initialized with port(s): 8080 (http)
2020-09-12 20:53:41.733  INFO 20402 --- [restartedMain] o.apache.catalina.core.StandardService   : Starting service [Tomcat]
2020-09-12 20:53:41.733  INFO 20402 --- [restartedMain] org.apache.catalina.core.StandardEngine  : Starting Servlet Engine: Apache Tomcat/8.5.35
2020-09-12 20:53:41.758  INFO 20402 --- [localhost-startStop-1] o.a.catalina.core.AprLifecycleListener   : The APR based Apache Tomcat Native library which allows optimal performance in production environments was not found on the java.library.path: [/usr/java/packages/lib/amd64:/usr/lib64:/lib64:/lib:/usr/lib]
2020-09-12 20:53:41.877  INFO 20402 --- [localhost-startStop-1] o.a.c.c.C.[Tomcat].[localhost].[/]       : Initializing Spring embedded WebApplicationContext
2020-09-12 20:53:41.878  INFO 20402 --- [localhost-startStop-1] o.s.web.context.ContextLoader            : Root WebApplicationContext: initialization completed in 3242 ms
2020-09-12 20:53:42.806  INFO 20402 --- [localhost-startStop-1] o.s.b.w.servlet.FilterRegistrationBean   : Mapping filter: 'characterEncodingFilter' to: [/*]
2020-09-12 20:53:42.807  INFO 20402 --- [localhost-startStop-1] o.s.b.w.servlet.FilterRegistrationBean   : Mapping filter: 'webMvcMetricsFilter' to: [/*]
2020-09-12 20:53:42.807  INFO 20402 --- [localhost-startStop-1] o.s.b.w.servlet.FilterRegistrationBean   : Mapping filter: 'hiddenHttpMethodFilter' to: [/*]
2020-09-12 20:53:42.807  INFO 20402 --- [localhost-startStop-1] o.s.b.w.servlet.FilterRegistrationBean   : Mapping filter: 'httpPutFormContentFilter' to: [/*]
2020-09-12 20:53:42.807  INFO 20402 --- [localhost-startStop-1] o.s.b.w.servlet.FilterRegistrationBean   : Mapping filter: 'requestContextFilter' to: [/*]
2020-09-12 20:53:42.808  INFO 20402 --- [localhost-startStop-1] o.s.b.w.servlet.FilterRegistrationBean   : Mapping filter: 'httpTraceFilter' to: [/*]
2020-09-12 20:53:42.808  INFO 20402 --- [localhost-startStop-1] o.s.b.w.servlet.ServletRegistrationBean  : Servlet dispatcherServlet mapped to [/]
2020-09-12 20:53:43.022  INFO 20402 --- [restartedMain] com.zaxxer.hikari.HikariDataSource       : HikariPool-1 - Starting...
2020-09-12 20:53:43.642  INFO 20402 --- [restartedMain] com.zaxxer.hikari.HikariDataSource       : HikariPool-1 - Start completed.
2020-09-12 20:53:43.701  INFO 20402 --- [restartedMain] j.LocalContainerEntityManagerFactoryBean : Building JPA container EntityManagerFactory for persistence unit 'default'
2020-09-12 20:53:43.733  INFO 20402 --- [restartedMain] o.hibernate.jpa.internal.util.LogHelper  : HHH000204: Processing PersistenceUnitInfo [
	name: default
	...]
2020-09-12 20:53:43.888  INFO 20402 --- [restartedMain] org.hibernate.Version                    : HHH000412: Hibernate Core {5.2.17.Final}
2020-09-12 20:53:43.890  INFO 20402 --- [restartedMain] org.hibernate.cfg.Environment            : HHH000206: hibernate.properties not found
2020-09-12 20:53:43.957  INFO 20402 --- [restartedMain] o.hibernate.annotations.common.Version   : HCANN000001: Hibernate Commons Annotations {5.0.1.Final}
2020-09-12 20:53:44.115  INFO 20402 --- [restartedMain] org.hibernate.dialect.Dialect            : HHH000400: Using dialect: org.hibernate.dialect.MySQL5Dialect
2020-09-12 20:53:45.661  INFO 20402 --- [restartedMain] j.LocalContainerEntityManagerFactoryBean : Initialized JPA EntityManagerFactory for persistence unit 'default'
2020-09-12 20:53:46.588  INFO 20402 --- [restartedMain] o.s.w.s.handler.SimpleUrlHandlerMapping  : Mapped URL path [/**/favicon.ico] onto handler of type [class org.springframework.web.servlet.resource.ResourceHttpRequestHandler]
2020-09-12 20:53:47.275  INFO 20402 --- [restartedMain] s.w.s.m.m.a.RequestMappingHandlerAdapter : Looking for @ControllerAdvice: org.springframework.boot.web.servlet.context.AnnotationConfigServletWebServerApplicationContext@257bb1e3: startup date [Sat Sep 12 20:53:38 CST 2020]; root of context hierarchy
2020-09-12 20:53:47.412  WARN 20402 --- [restartedMain] aWebConfiguration$JpaWebMvcConfiguration : spring.jpa.open-in-view is enabled by default. Therefore, database queries may be performed during view rendering. Explicitly configure spring.jpa.open-in-view to disable this warning
2020-09-12 20:53:47.507  INFO 20402 --- [restartedMain] s.w.s.m.m.a.RequestMappingHandlerMapping : Mapped "{[/getUsers]}" onto public java.util.List<cn.xportal.sb.hibernate.entity.UserEntity> cn.xportal.sb.hibernate.ctrl.UserController.getUsers()
2020-09-12 20:53:47.509  INFO 20402 --- [restartedMain] s.w.s.m.m.a.RequestMappingHandlerMapping : Mapped "{[/getUser/{id}]}" onto public cn.xportal.sb.hibernate.entity.UserEntity cn.xportal.sb.hibernate.ctrl.UserController.getUser(java.lang.Long)
2020-09-12 20:53:47.510  INFO 20402 --- [restartedMain] s.w.s.m.m.a.RequestMappingHandlerMapping : Mapped "{[/index]}" onto public org.springframework.web.servlet.ModelAndView cn.xportal.sb.hibernate.ctrl.UserController.index()
2020-09-12 20:53:47.511  INFO 20402 --- [restartedMain] s.w.s.m.m.a.RequestMappingHandlerMapping : Mapped "{[/update]}" onto public void cn.xportal.sb.hibernate.ctrl.UserController.update(cn.xportal.sb.hibernate.entity.UserEntity)
2020-09-12 20:53:47.511  INFO 20402 --- [restartedMain] s.w.s.m.m.a.RequestMappingHandlerMapping : Mapped "{[/delete/{id}]}" onto public void cn.xportal.sb.hibernate.ctrl.UserController.delete(java.lang.Long)
2020-09-12 20:53:47.512  INFO 20402 --- [restartedMain] s.w.s.m.m.a.RequestMappingHandlerMapping : Mapped "{[/add]}" onto public void cn.xportal.sb.hibernate.ctrl.UserController.save(cn.xportal.sb.hibernate.entity.UserEntity)
2020-09-12 20:53:47.518  INFO 20402 --- [restartedMain] s.w.s.m.m.a.RequestMappingHandlerMapping : Mapped "{[/error],produces=[text/html]}" onto public org.springframework.web.servlet.ModelAndView org.springframework.boot.autoconfigure.web.servlet.error.BasicErrorController.errorHtml(javax.servlet.http.HttpServletRequest,javax.servlet.http.HttpServletResponse)
2020-09-12 20:53:47.519  INFO 20402 --- [restartedMain] s.w.s.m.m.a.RequestMappingHandlerMapping : Mapped "{[/error]}" onto public org.springframework.http.ResponseEntity<java.util.Map<java.lang.String, java.lang.Object>> org.springframework.boot.autoconfigure.web.servlet.error.BasicErrorController.error(javax.servlet.http.HttpServletRequest)
2020-09-12 20:53:47.653  INFO 20402 --- [restartedMain] o.s.w.s.handler.SimpleUrlHandlerMapping  : Mapped URL path [/webjars/**] onto handler of type [class org.springframework.web.servlet.resource.ResourceHttpRequestHandler]
2020-09-12 20:53:47.654  INFO 20402 --- [restartedMain] o.s.w.s.handler.SimpleUrlHandlerMapping  : Mapped URL path [/**] onto handler of type [class org.springframework.web.servlet.resource.ResourceHttpRequestHandler]
2020-09-12 20:53:48.447  INFO 20402 --- [restartedMain] o.s.b.d.a.OptionalLiveReloadServer       : LiveReload server is running on port 35729
2020-09-12 20:53:48.475  INFO 20402 --- [restartedMain] o.s.b.a.e.web.EndpointLinksResolver      : Exposing 2 endpoint(s) beneath base path '/actuator'
2020-09-12 20:53:48.493  INFO 20402 --- [restartedMain] s.b.a.e.w.s.WebMvcEndpointHandlerMapping : Mapped "{[/actuator/health],methods=[GET],produces=[application/vnd.spring-boot.actuator.v2+json || application/json]}" onto public java.lang.Object org.springframework.boot.actuate.endpoint.web.servlet.AbstractWebMvcEndpointHandlerMapping$OperationHandler.handle(javax.servlet.http.HttpServletRequest,java.util.Map<java.lang.String, java.lang.String>)
2020-09-12 20:53:48.494  INFO 20402 --- [restartedMain] s.b.a.e.w.s.WebMvcEndpointHandlerMapping : Mapped "{[/actuator/info],methods=[GET],produces=[application/vnd.spring-boot.actuator.v2+json || application/json]}" onto public java.lang.Object org.springframework.boot.actuate.endpoint.web.servlet.AbstractWebMvcEndpointHandlerMapping$OperationHandler.handle(javax.servlet.http.HttpServletRequest,java.util.Map<java.lang.String, java.lang.String>)
2020-09-12 20:53:48.496  INFO 20402 --- [restartedMain] s.b.a.e.w.s.WebMvcEndpointHandlerMapping : Mapped "{[/actuator],methods=[GET],produces=[application/vnd.spring-boot.actuator.v2+json || application/json]}" onto protected java.util.Map<java.lang.String, java.util.Map<java.lang.String, org.springframework.boot.actuate.endpoint.web.Link>> org.springframework.boot.actuate.endpoint.web.servlet.WebMvcEndpointHandlerMapping.links(javax.servlet.http.HttpServletRequest,javax.servlet.http.HttpServletResponse)
2020-09-12 20:53:48.594  INFO 20402 --- [restartedMain] o.s.j.e.a.AnnotationMBeanExporter        : Registering beans for JMX exposure on startup
2020-09-12 20:53:48.596  INFO 20402 --- [restartedMain] o.s.j.e.a.AnnotationMBeanExporter        : Bean with name 'dataSource' has been autodetected for JMX exposure
2020-09-12 20:53:48.606  INFO 20402 --- [restartedMain] o.s.j.e.a.AnnotationMBeanExporter        : Located MBean 'dataSource': registering with JMX server as MBean [com.zaxxer.hikari:name=dataSource,type=HikariDataSource]
2020-09-12 20:53:48.728  INFO 20402 --- [restartedMain] o.s.b.w.embedded.tomcat.TomcatWebServer  : Tomcat started on port(s): 8080 (http) with context path ''
2020-09-12 20:53:48.735  INFO 20402 --- [restartedMain] cn.xportal.sb.hibernate.Application      : Started Application in 10.706 seconds (JVM running for 11.373)
2020-09-12 20:53:59.297  INFO 20402 --- [Thread-11] ConfigServletWebServerApplicationContext : Closing org.springframework.boot.web.servlet.context.AnnotationConfigServletWebServerApplicationContext@257bb1e3: startup date [Sat Sep 12 20:53:38 CST 2020]; root of context hierarchy
2020-09-12 20:53:59.322  INFO 20402 --- [Thread-11] o.s.j.e.a.AnnotationMBeanExporter        : Unregistering JMX-exposed beans on shutdown
2020-09-12 20:53:59.328  INFO 20402 --- [Thread-11] o.s.j.e.a.AnnotationMBeanExporter        : Unregistering JMX-exposed beans
2020-09-12 20:53:59.339  INFO 20402 --- [Thread-11] j.LocalContainerEntityManagerFactoryBean : Closing JPA EntityManagerFactory for persistence unit 'default'
2020-09-12 20:53:59.354  INFO 20402 --- [Thread-11] com.zaxxer.hikari.HikariDataSource       : HikariPool-1 - Shutdown initiated...
2020-09-12 20:53:59.382  INFO 20402 --- [Thread-11] com.zaxxer.hikari.HikariDataSource       : HikariPool-1 - Shutdown completed.
