0:0:0:0:0:0:0:1%0 -  -  [15/11/2009:15:02:08 +0000] "GET /solr/select/?q=*:*&fq=_val_:%22sum(0,0)%22&debugQuery=true HTTP/1.1" 200 13392 
0:0:0:0:0:0:0:1%0 -  -  [16/11/2009:00:56:45 +0000] "GET /favicon.ico HTTP/1.1" 200 1150 
0:0:0:0:0:0:0:1%0 -  -  [15/11/2009:15:02:09 +0000] "GET /solr/select/?q=name:University%20AND%20name:Minnesota&version=2.2&start=0&rows=10&indent=on HTTP/1.1" 200 8451 
0:0:0:0:0:0:0:1%0 -  -  [16/11/2009:01:00:22 +0000] "GET /solr/select/?q=*:*&fq={!frange%200%205}_val_:%22dist(2,%2032,%20-80,%20lat,%20lon)%22&debugQuery=true HTTP/1.1" 400 1508 
0:0:0:0:0:0:0:1%0 -  -  [16/11/2009:01:00:36 +0000] "GET /solr/select/?q=*:*&fq={!frange%20l=0%20u=5}_val_:%22dist(2,%2032,%20-80,%20lat,%20lon)%22&debugQuery=true HTTP/1.1" 400 1401 
0:0:0:0:0:0:0:1%0 -  -  [16/11/2009:01:01:00 +0000] "GET /solr/select/?q=*:*&fq={!frange%20l=0%20u=5}dist(2,%2032,%20-80,%20lat,%20lon)&debugQuery=true HTTP/1.1" 200 13471 
0:0:0:0:0:0:0:1%0 -  -  [16/11/2009:01:17:28 +0000] "GET /solr/select/?q=*:*&fq={!frange%20l=0%20u=5}dist(2,%2032,%20-80,%20lat,%20lon)&debugQuery=true HTTP/1.1" 200 13455 
0:0:0:0:0:0:0:1%0 -  -  [16/11/2009:01:17:37 +0000] "GET /solr/select/?q=*:*&fq={!frange%20l=0%20u=5}dist(2,%2032,%20-79,%20lat,%20lon)&debugQuery=true HTTP/1.1" 200 13455 
0:0:0:0:0:0:0:1%0 -  -  [16/11/2009:01:17:47 +0000] "GET /solr/select/?q=*:*&fq={!frange%20l=0%20u=5}dist(2,%2031,%20-79,%20lat,%20lon)&debugQuery=true HTTP/1.1" 200 13455 
0:0:0:0:0:0:0:1%0 -  -  [16/11/2009:01:17:49 +0000] "GET /solr/select/?q=*:*&fq={!frange%20l=0%20u=5}dist(2,%2031,%20-79,%20lat,%20lon)&debugQuery=true HTTP/1.1" 200 13455 
0:0:0:0:0:0:0:1%0 -  -  [16/11/2009:01:17:56 +0000] "GET /solr/select/?q=*:*&fq={!frange%20l=0%20u=5}dist(2,%2031,%20-79,%20lat,%20lon)&debugQuery=true HTTP/1.1" 200 13455 
0:0:0:0:0:0:0:1%0 -  -  [16/11/2009:01:17:56 +0000] "GET /solr/select/?q=*:*&fq={!frange%20l=0%20u=5}dist(2,%2031,%20-79,%20lat,%20lon)&debugQuery=true HTTP/1.1" 200 13455 
0:0:0:0:0:0:0:1%0 -  -  [16/11/2009:01:17:57 +0000] "GET /solr/select/?q=*:*&fq={!frange%20l=0%20u=5}dist(2,%2031,%20-79,%20lat,%20lon)&debugQuery=true HTTP/1.1" 200 13455 
0:0:0:0:0:0:0:1%0 -  -  [16/11/2009:01:17:58 +0000] "GET /solr/select/?q=*:*&fq={!frange%20l=0%20u=5}dist(2,%2031,%20-79,%20lat,%20lon)&debugQuery=true HTTP/1.1" 200 13455 
0:0:0:0:0:0:0:1%0 -  -  [16/11/2009:01:17:58 +0000] "GET /solr/select/?q=*:*&fq={!frange%20l=0%20u=5}dist(2,%2031,%20-79,%20lat,%20lon)&debugQuery=true HTTP/1.1" 200 13455 
0:0:0:0:0:0:0:1%0 -  -  [16/11/2009:01:17:58 +0000] "GET /solr/select/?q=*:*&fq={!frange%20l=0%20u=5}dist(2,%2031,%20-79,%20lat,%20lon)&debugQuery=true HTTP/1.1" 200 13455 
0:0:0:0:0:0:0:1%0 -  -  [16/11/2009:01:18:00 +0000] "GET /solr/select/?q=*:*&fq={!frange%20l=0%20u=5}dist(2,%2031,%20-79,%20lat,%20lon)&debugQuery=true HTTP/1.1" 200 13455 
0:0:0:0:0:0:0:1%0 -  -  [16/11/2009:01:18:04 +0000] "GET /solr/select/?q=*:*&fq={!frange%20l=0%20u=5}dist(2,%2028,%20-79,%20lat,%20lon)&debugQuery=true HTTP/1.1" 200 13455 
0:0:0:0:0:0:0:1%0 -  -  [16/11/2009:01:18:16 +0000] "GET /solr/select/?q=*:*&fq={!frange%20l=0%20u=5}dist(2,%200,%20-79,%20lat,%20lon)&debugQuery=true HTTP/1.1" 200 2201 
0:0:0:0:0:0:0:1%0 -  -  [16/11/2009:01:18:30 +0000] "GET /solr/select/?q=*:*&fq={!frange%20l=0%20u=2}dist(2,%2032,%20-79,%20lat,%20lon)&debugQuery=true HTTP/1.1" 200 13455 
0:0:0:0:0:0:0:1%0 -  -  [16/11/2009:01:18:42 +0000] "GET /solr/select/?q=*:*&fq={!frange%20l=0%20u=1}dist(2,%2032,%20-79,%20lat,%20lon)&debugQuery=true HTTP/1.1" 200 2198 
0:0:0:0:0:0:0:1%0 -  -  [16/11/2009:01:18:50 +0000] "GET /solr/select/?q=*:*&fq={!frange%20l=0%20u=1000}dist(2,%2032,%20-79,%20lat,%20lon)&debugQuery=true HTTP/1.1" 200 13465 
0:0:0:0:0:0:0:1%0 -  -  [16/11/2009:01:19:30 +0000] "GET /solr/select/?q=*:*&fq={!frange%20l=0%20u=100}dist(2,%2032,%20-79,%20lat,%20lon)&debugQuery=true HTTP/1.1" 200 13462 
0:0:0:0:0:0:0:1%0 -  -  [16/11/2009:01:19:37 +0000] "GET /solr/select/?q=*:*&fq={!frange%20l=0%20u=10}dist(2,%2032,%20-79,%20lat,%20lon)&debugQuery=true HTTP/1.1" 200 13458 
0:0:0:0:0:0:0:1%0 -  -  [16/11/2009:01:20:17 +0000] "GET /solr/select/?q=*:*&rows=100&fq={!frange%20l=0%20u=10}dist(2,%2032,%20-79,%20lat,%20lon)&debugQuery=true HTTP/1.1" 200 117759 
0:0:0:0:0:0:0:1%0 -  -  [16/11/2009:01:28:49 +0000] "GET /solr/select/?q=*:* HTTP/1.1" 200 10587 
0:0:0:0:0:0:0:1%0 -  -  [16/11/2009:01:29:12 +0000] "GET /solr/select/?q=*:*&rows=1000 HTTP/1.1" 200 1057883 
0:0:0:0:0:0:0:1%0 -  -  [16/11/2009:12:05:09 +0000] "GET /solr/select/?q=dist(2,%2032,%20-79,%20lat,%20lon) HTTP/1.1" 200 267 
0:0:0:0:0:0:0:1%0 -  -  [16/11/2009:12:05:12 +0000] "GET /favicon.ico HTTP/1.1" 304 0 
0:0:0:0:0:0:0:1%0 -  -  [16/11/2009:12:05:21 +0000] "GET /solr/select/?q=_val_:dist(2,%2032,%20-79,%20lat,%20lon) HTTP/1.1" 400 1400 
0:0:0:0:0:0:0:1%0 -  -  [16/11/2009:12:05:29 +0000] "GET /solr/select/?q=%22_val_:dist(2,%2032,%20-79,%20lat,%20lon)%22 HTTP/1.1" 200 276 
0:0:0:0:0:0:0:1%0 -  -  [16/11/2009:12:05:56 +0000] "GET /solr/select/?q=*:*%20AND%20%22_val_:dist(2,%2032,%20-79,%20lat,%20lon)%22 HTTP/1.1" 200 282 
0:0:0:0:0:0:0:1%0 -  -  [16/11/2009:12:08:34 +0000] "GET /solr/select/?q=%20%22_val_:dist(2,%2032,%20-79,%20lat,%20lon)%22 HTTP/1.1" 200 276 
0:0:0:0:0:0:0:1%0 -  -  [16/11/2009:12:08:46 +0000] "GET /solr/select/?q=*:* HTTP/1.1" 304 0 
0:0:0:0:0:0:0:1%0 -  -  [16/11/2009:12:09:32 +0000] "GET /solr/select/?q={!func}:dist(2,%2032,%20-79,%20lat,%20lon)%22 HTTP/1.1" 400 1489 
0:0:0:0:0:0:0:1%0 -  -  [16/11/2009:12:09:41 +0000] "GET /solr/select/?q={!func}dist(2,%2032,%20-79,%20lat,%20lon) HTTP/1.1" 200 16186 
0:0:0:0:0:0:0:1%0 -  -  [16/11/2009:12:10:02 +0000] "GET /solr/select/?q={!func}dist(2,%2032,%20-79,%20lat,%20lon) HTTP/1.1" 200 16184 
0:0:0:0:0:0:0:1%0 -  -  [16/11/2009:19:51:52 +0000] "GET /favicon.ico HTTP/1.1" 304 0 
0:0:0:0:0:0:0:1%0 -  -  [16/11/2009:19:52:20 +0000] "GET /solr/select/?q=*:*&fq={!frange%20l=0%20u=10}dist%282,%2032,%20-79,%20lat,%20lon%29&debugQuery=true HTTP/1.1" 200 13466 
0:0:0:0:0:0:0:1%0 -  -  [16/11/2009:19:53:44 +0000] "GET /solr/select/?q=*:*&facet=true&facet.field=tier_10 HTTP/1.1" 200 10884 
0:0:0:0:0:0:0:1%0 -  -  [16/11/2009:19:53:52 +0000] "GET /solr/select/?q=*:*&facet=true&facet.field=tier_10&rows=0 HTTP/1.1" 200 567 
0:0:0:0:0:0:0:1%0 -  -  [16/11/2009:19:54:12 +0000] "GET /solr/select/?q=*:*&facet=true&facet.field=tier_15&rows=0 HTTP/1.1" 200 1140 
0:0:0:0:0:0:0:1%0 -  -  [16/11/2009:20:08:14 +0000] "GET /solr/select/?q=*:*&fq={!frange%20l=0%20u=10000}dist(2,%2032,%20-79,%20lat,%20lon) HTTP/1.1" 200 10655 
0:0:0:0:0:0:0:1%0 -  -  [16/11/2009:20:08:44 +0000] "GET /solr/select/?q=*:*&fq={!frange%20l=0%20u=1000}dist(2,%2032,%20-79,%20lat,%20lon) HTTP/1.1" 200 10653 
0:0:0:0:0:0:0:1%0 -  -  [16/11/2009:20:08:54 +0000] "GET /solr/select/?q=*:*&fq={!frange%20l=0%20u=500}dist(2,%2032,%20-79,%20lat,%20lon) HTTP/1.1" 200 10653 
0:0:0:0:0:0:0:1%0 -  -  [16/11/2009:20:09:00 +0000] "GET /solr/select/?q=*:*&fq={!frange%20l=0%20u=250}dist(2,%2032,%20-79,%20lat,%20lon) HTTP/1.1" 200 10652 
0:0:0:0:0:0:0:1%0 -  -  [16/11/2009:20:09:11 +0000] "GET /solr/select/?q=*:*&fq={!frange%20l=0%20u=150}dist(2,%2032,%20-79,%20lat,%20lon) HTTP/1.1" 200 10652 
0:0:0:0:0:0:0:1%0 -  -  [16/11/2009:20:09:14 +0000] "GET /solr/select/?q=*:*&fq={!frange%20l=0%20u=150}dist(2,%2032,%20-79,%20lat,%20lon) HTTP/1.1" 200 10652 
0:0:0:0:0:0:0:1%0 -  -  [16/11/2009:20:09:21 +0000] "GET /solr/select/?q=*:*&fq={!frange%20l=0%20u=10}dist(2,%2032,%20-79,%20lat,%20lon) HTTP/1.1" 200 10650 
0:0:0:0:0:0:0:1%0 -  -  [16/11/2009:20:09:28 +0000] "GET /solr/select/?q=*:*&fq={!frange%20l=0%20u=100}dist(2,%2032,%20-79,%20lat,%20lon) HTTP/1.1" 200 10652 
0:0:0:0:0:0:0:1%0 -  -  [16/11/2009:20:11:36 +0000] "GET /solr/select/?q=*:*&fq={!frange%20l=0%20u=100}hsin(0.57,%20-1.3,%20lat,%20lon,%203963.205) HTTP/1.1" 200 321 
0:0:0:0:0:0:0:1%0 -  -  [16/11/2009:20:11:46 +0000] "GET /solr/select/?q=*:*&fq={!frange%20l=0%20u=1000}hsin(0.57,%20-1.3,%20lat,%20lon,%203963.205) HTTP/1.1" 200 321 
0:0:0:0:0:0:0:1%0 -  -  [16/11/2009:20:11:52 +0000] "GET /solr/select/?q=*:*&fq={!frange%20l=0%20u=10000}hsin(0.57,%20-1.3,%20lat,%20lon,%203963.205) HTTP/1.1" 200 10665 
0:0:0:0:0:0:0:1%0 -  -  [16/11/2009:20:12:00 +0000] "GET /solr/select/?q=*:*&fq={!frange%20l=0%20u=5000}hsin(0.57,%20-1.3,%20lat,%20lon,%203963.205) HTTP/1.1" 200 10663 
0:0:0:0:0:0:0:1%0 -  -  [16/11/2009:20:14:20 +0000] "GET /solr/select/?q=*:*&fq={!frange%20l=0%20u=1500}hsin(0.57,%20-1.3,%20lat,%20lon,%203963.205) HTTP/1.1" 200 321 
0:0:0:0:0:0:0:1%0 -  -  [16/11/2009:20:21:51 +0000] "GET /solr/select/?q={!func}dist(2,%2032,%20-79,%20lat,%20lon) HTTP/1.1" 200 16184 
0:0:0:0:0:0:0:1%0 -  -  [16/11/2009:20:22:03 +0000] "GET /solr/select/?q={!func}:dist(2,%2032,%20-79,%20lat,%20lon)%22 HTTP/1.1" 400 1489 
0:0:0:0:0:0:0:1%0 -  -  [16/11/2009:20:22:19 +0000] "GET /solr/select/?q=*:*&fq={!frange%20l=0%20u=1500}hsin(0.57,%20-1.3,%20lat_rad,%20lon_rad,%203963.205) HTTP/1.1" 200 10673 
0:0:0:0:0:0:0:1%0 -  -  [16/11/2009:20:22:27 +0000] "GET /solr/select/?q=*:*&fq={!frange%20l=0%20u=1000}hsin(0.57,%20-1.3,%20lat_rad,%20lon_rad,%203963.205) HTTP/1.1" 200 10672 
0:0:0:0:0:0:0:1%0 -  -  [16/11/2009:20:22:36 +0000] "GET /solr/select/?q=*:*&fq={!frange%20l=0%20u=900}hsin(0.57,%20-1.3,%20lat_rad,%20lon_rad,%203963.205) HTTP/1.1" 200 10671 
0:0:0:0:0:0:0:1%0 -  -  [16/11/2009:20:22:49 +0000] "GET /solr/select/?q=*:*&fq={!frange%20l=0%20u=100}hsin(0.57,%20-1.3,%20lat_rad,%20lon_rad,%203963.205) HTTP/1.1" 200 328 
0:0:0:0:0:0:0:1%0 -  -  [16/11/2009:20:22:57 +0000] "GET /solr/select/?q=*:*&fq={!frange%20l=0%20u=400}hsin(0.57,%20-1.3,%20lat_rad,%20lon_rad,%203963.205) HTTP/1.1" 200 10670 
